#
# There is insufficient memory for the Java Runtime Environment to continue.
# Native memory allocation (mmap) failed to map 4161536 bytes for G1 virtual space
# Possible reasons:
#   The system is out of physical RAM or swap space
#   The process is running with CompressedOops enabled, and the Java Heap may be blocking the growth of the native heap
# Possible solutions:
#   Reduce memory load on the system
#   Increase physical memory or swap space
#   Check if swap backing store is full
#   Decrease Java heap size (-Xmx/-Xms)
#   Decrease number of Java threads
#   Decrease Java thread stack sizes (-Xss)
#   Set larger code cache with -XX:ReservedCodeCacheSize=
#   JVM is running with Zero Based Compressed Oops mode in which the Java heap is
#     placed in the first 32GB address space. The Java Heap base address is the
#     maximum limit for the native heap growth. Please use -XX:HeapBaseMinAddress
#     to set the Java Heap base and to place the Java Heap above 32GB virtual address.
# This output file may be truncated or incomplete.
#
#  Out of Memory Error (os_windows.cpp:3532), pid=25828, tid=21988
#
# JRE version:  (17.0.2+8) (build )
# Java VM: Java HotSpot(TM) 64-Bit Server VM (17.0.2+8-LTS-86, mixed mode, sharing, tiered, compressed oops, compressed class ptrs, g1 gc, windows-amd64)
# No core dump will be written. Minidumps are not enabled by default on client versions of Windows
#

---------------  S U M M A R Y ------------

Command Line: -javaagent:C:\Program Files\JetBrains\IntelliJ IDEA Community Edition 2022.1.2\lib\idea_rt.jar=58984:C:\Program Files\JetBrains\IntelliJ IDEA Community Edition 2022.1.2\bin -Dfile.encoding=UTF-8 GeneralTaskQuestion.iterator_base.myCustomStreamDemo

Host: Intel(R) Core(TM) i5-10200H CPU @ 2.40GHz, 8 cores, 15G,  Windows 10 , 64 bit Build 19041 (10.0.19041.1806)
Time: Fri Aug  5 13:56:15 2022 RTZ 2 (s 10 , 64 bit Build 19041 (10.0.19041.1806) elapsed time: 0.018018 seconds (0d 0h 0m 0s)

---------------  T H R E A D  ---------------

Current thread (0x0000024804ded6e0):  JavaThread "Unknown thread" [_thread_in_vm, id=21988, stack(0x0000008e15000000,0x0000008e15100000)]

Stack: [0x0000008e15000000,0x0000008e15100000]
Native frames: (J=compiled Java code, j=interpreted, Vv=VM code, C=native code)
V  [jvm.dll+0x670baa]
V  [jvm.dll+0x7cfcb4]
V  [jvm.dll+0x7d145e]
V  [jvm.dll+0x7d1ac3]
V  [jvm.dll+0x242bc5]
V  [jvm.dll+0x66dac9]
V  [jvm.dll+0x662412]
V  [jvm.dll+0x300c0b]
V  [jvm.dll+0x3081a6]
V  [jvm.dll+0x357d38]
V  [jvm.dll+0x357f3f]
V  [jvm.dll+0x2d7ec8]
V  [jvm.dll+0x2d8e34]
V  [jvm.dll+0x7a18c1]
V  [jvm.dll+0x365a91]
V  [jvm.dll+0x780d2c]
V  [jvm.dll+0x3e845f]
V  [jvm.dll+0x3e9f01]
C  [jli.dll+0x527b]
C  [ucrtbase.dll+0x21bb2]
C  [KERNEL32.DLL+0x17034]
C  [ntdll.dll+0x52651]


---------------  P R O C E S S  ---------------

Threads class SMR info:
_java_thread_list=0x00007ffd73389858, length=0, elements={
}

Java Threads: ( => current thread )

Other Threads:
  0x0000024804e3d920 GCTaskThread "GC Thread#0" [stack: 0x0000008e15100000,0x0000008e15200000] [id=36888]
  0x0000024804e4f4c0 ConcurrentGCThread "G1 Main Marker" [stack: 0x0000008e15200000,0x0000008e15300000] [id=37860]
  0x0000024804e50580 ConcurrentGCThread "G1 Conc#0" [stack: 0x0000008e15300000,0x0000008e15400000] [id=39352]

[error occurred during error reporting (printing all threads), id 0xc0000005, EXCEPTION_ACCESS_VIOLATION (0xc0000005) at pc=0x00007ffd72bd88a7]

VM state: not at safepoint (not fully initialized)

VM Mutex/Monitor currently owned by a thread:  ([mutex/lock_event])
[0x0000024804dea850] Heap_lock - owner thread: 0x0000024804ded6e0

Heap address: 0x0000000702c00000, size: 4052 MB, Compressed Oops mode: Zero based, Oop shift amount: 3

CDS archive(s) mapped at: [0x0000000000000000-0x0000000000000000-0x0000000000000000), size 0, SharedBaseAddress: 0x0000000800000000, ArchiveRelocationMode: 0.
Narrow klass base: 0x0000000000000000, Narrow klass shift: 0, Narrow klass range: 0x0

GC Precious Log:
<Empty>

Heap:
 garbage-first heap   total 0K, used 0K [0x0000000702c00000, 0x0000000800000000)
  region size 2048K, 0 young (0K), 0 survivors (0K)

[error occurred during error reporting (printing heap information), id 0xc0000005, EXCEPTION_ACCESS_VIOLATION (0xc0000005) at pc=0x00007ffd72fb9f19]

GC Heap History (0 events):
No events

Deoptimization events (0 events):
No events

Classes unloaded (0 events):
No events

Classes redefined (0 events):
No events

Internal exceptions (0 events):
No events

VM Operations (0 events):
No events

Events (1 events):
Event: 0.012 Loaded shared library C:\Program Files\Java\jdk-17.0.2\bin\java.dll


Dynamic libraries:
0x00007ff60dad0000 - 0x00007ff60dae0000 	C:\Program Files\Java\jdk-17.0.2\bin\java.exe
0x00007ffe03e70000 - 0x00007ffe04068000 	C:\Windows\SYSTEM32\ntdll.dll
0x00007ffe03cf0000 - 0x00007ffe03dad000 	C:\Windows\System32\KERNEL32.DLL
0x00007ffe01800000 - 0x00007ffe01ace000 	C:\Windows\System32\KERNELBASE.dll
0x00007ffe01d10000 - 0x00007ffe01e10000 	C:\Windows\System32\ucrtbase.dll
0x00007ffdfd270000 - 0x00007ffdfd28a000 	C:\Program Files\Java\jdk-17.0.2\bin\VCRUNTIME140.dll
0x00007ffdf80c0000 - 0x00007ffdf80d8000 	C:\Program Files\Java\jdk-17.0.2\bin\jli.dll
0x00007ffe02700000 - 0x00007ffe027ae000 	C:\Windows\System32\ADVAPI32.dll
0x00007ffe02880000 - 0x00007ffe0291e000 	C:\Windows\System32\msvcrt.dll
0x00007ffe027e0000 - 0x00007ffe0287c000 	C:\Windows\System32\sechost.dll
0x00007ffe02920000 - 0x00007ffe02a45000 	C:\Windows\System32\RPCRT4.dll
0x00007ffe035a0000 - 0x00007ffe03740000 	C:\Windows\System32\USER32.dll
0x00007ffe01ea0000 - 0x00007ffe01ec2000 	C:\Windows\System32\win32u.dll
0x00007ffe02490000 - 0x00007ffe024ba000 	C:\Windows\System32\GDI32.dll
0x00007ffde7d50000 - 0x00007ffde7fea000 	C:\Windows\WinSxS\amd64_microsoft.windows.common-controls_6595b64144ccf1df_6.0.19041.1110_none_60b5254171f9507e\COMCTL32.dll
0x00007ffe01590000 - 0x00007ffe0169b000 	C:\Windows\System32\gdi32full.dll
0x00007ffe01b20000 - 0x00007ffe01bbd000 	C:\Windows\System32\msvcp_win.dll
0x00007ffdfa130000 - 0x00007ffdfa13a000 	C:\Windows\SYSTEM32\VERSION.dll
0x00007ffe027b0000 - 0x00007ffe027e0000 	C:\Windows\System32\IMM32.DLL
0x00007ffdfd2e0000 - 0x00007ffdfd2ec000 	C:\Program Files\Java\jdk-17.0.2\bin\vcruntime140_1.dll
0x00007ffdde400000 - 0x00007ffdde48d000 	C:\Program Files\Java\jdk-17.0.2\bin\msvcp140.dll
0x00007ffd728f0000 - 0x00007ffd734b1000 	C:\Program Files\Java\jdk-17.0.2\bin\server\jvm.dll
0x00007ffe031a0000 - 0x00007ffe031a8000 	C:\Windows\System32\PSAPI.DLL
0x00007ffdea410000 - 0x00007ffdea419000 	C:\Windows\SYSTEM32\WSOCK32.dll
0x00007ffde76b0000 - 0x00007ffde76d7000 	C:\Windows\SYSTEM32\WINMM.dll
0x00007ffe03530000 - 0x00007ffe0359b000 	C:\Windows\System32\WS2_32.dll
0x00007ffdff450000 - 0x00007ffdff462000 	C:\Windows\SYSTEM32\kernel.appcore.dll
0x00007ffdfd2b0000 - 0x00007ffdfd2ba000 	C:\Program Files\Java\jdk-17.0.2\bin\jimage.dll
0x00007ffdf9a60000 - 0x00007ffdf9c44000 	C:\Windows\SYSTEM32\DBGHELP.DLL
0x00007ffdf9920000 - 0x00007ffdf994c000 	C:\Windows\SYSTEM32\dbgcore.DLL
0x00007ffe01e10000 - 0x00007ffe01e92000 	C:\Windows\System32\bcryptPrimitives.dll
0x00007ffdfb390000 - 0x00007ffdfb39e000 	C:\Program Files\Java\jdk-17.0.2\bin\instrument.dll
0x00007ffdef4c0000 - 0x00007ffdef4e5000 	C:\Program Files\Java\jdk-17.0.2\bin\java.dll

dbghelp: loaded successfully - version: 4.0.5 - missing functions: none
symbol engine: initialized successfully - sym options: 0x614 - pdb path: .;C:\Program Files\Java\jdk-17.0.2\bin;C:\Windows\SYSTEM32;C:\Windows\WinSxS\amd64_microsoft.windows.common-controls_6595b64144ccf1df_6.0.19041.1110_none_60b5254171f9507e;C:\Program Files\Java\jdk-17.0.2\bin\server

VM Arguments:
jvm_args: -javaagent:C:\Program Files\JetBrains\IntelliJ IDEA Community Edition 2022.1.2\lib\idea_rt.jar=58984:C:\Program Files\JetBrains\IntelliJ IDEA Community Edition 2022.1.2\bin -Dfile.encoding=UTF-8 
java_command: GeneralTaskQuestion.iterator_base.myCustomStreamDemo
java_class_path (initial): C:\RSH-PROJECT\0_MY_UDEMY_COURCES\INTERVIEW_QUESTION\CODE_JAVA_INTERVIEW\QuestionTask\target\classes
Launcher Type: SUN_STANDARD

[Global flags]
     intx CICompilerCount                          = 4                                         {product} {ergonomic}
     uint ConcGCThreads                            = 2                                         {product} {ergonomic}
     uint G1ConcRefinementThreads                  = 8                                         {product} {ergonomic}
   size_t G1HeapRegionSize                         = 2097152                                   {product} {ergonomic}
    uintx GCDrainStackTargetSize                   = 64                                        {product} {ergonomic}
   size_t InitialHeapSize                          = 266338304                                 {product} {ergonomic}
   size_t MarkStackSize                            = 4194304                                   {product} {ergonomic}
   size_t MaxHeapSize                              = 4248829952                                {product} {ergonomic}
   size_t MinHeapDeltaBytes                        = 2097152                                   {product} {ergonomic}
   size_t MinHeapSize                              = 8388608                                   {product} {ergonomic}
    uintx NonNMethodCodeHeapSize                   = 5839372                                {pd product} {ergonomic}
    uintx NonProfiledCodeHeapSize                  = 122909434                              {pd product} {ergonomic}
    uintx ProfiledCodeHeapSize                     = 122909434                              {pd product} {ergonomic}
    uintx ReservedCodeCacheSize                    = 251658240                              {pd product} {ergonomic}
     bool SegmentedCodeCache                       = true                                      {product} {ergonomic}
   size_t SoftMaxHeapSize                          = 4248829952                             {manageable} {ergonomic}
     bool UseCompressedClassPointers               = true                           {product lp64_product} {ergonomic}
     bool UseCompressedOops                        = true                           {product lp64_product} {ergonomic}
     bool UseG1GC                                  = true                                      {product} {ergonomic}
     bool UseLargePagesIndividualAllocation        = false                                  {pd product} {ergonomic}

Logging:
Log output configuration:
 #0: stdout all=warning uptime,level,tags
 #1: stderr all=off uptime,level,tags

Environment Variables:
JAVA_HOME=C:\Program Files\Java\jdk-17.0.2
PATH=C:\Program Files\Common Files\Oracle\Java\javapath;C:\Windows\system32;C:\Windows;C:\Windows\System32\Wbem;C:\Windows\System32\WindowsPowerShell\v1.0\;C:\Windows\System32\OpenSSH\;C:\Program Files (x86)\NVIDIA Corporation\PhysX\Common;C:\Program Files\NVIDIA Corporation\NVIDIA NvDLISR;C:\Program Files\dotnet\;C:\Program Files\Git\cmd;C:\Program Files\TortoiseGit\bin;C:\Program Files\Docker\Docker\resources\bin;C:\ProgramData\DockerDesktop\version-bin;C:\Program Files\Java\jdk-17.0.2\bin;C:\Program Files\apache-maven-3.8.4\bin;C:\Program Files\PuTTY\;C:\Program Files\nodejs\;C:\Program Files\MySQL\MySQL Shell 8.0\bin\;C:\Users\tkach\AppData\Local\Microsoft\WindowsApps;C:\Users\tkach\.dotnet\tools;C:\Users\tkach\AppData\Local\GitHubDesktop\bin;C:\Program Files\JetBrains\PyCharm Community Edition 2021.1.3\bin;;C:\Users\tkach\AppData\Roaming\npm;C:\Users\tkach\AppData\Local\Programs\Microsoft VS Code\bin;C:\Program Files\JetBrains\IntelliJ IDEA Community Edition 2022.1.2\bin;
USERNAME=tkach
OS=Windows_NT
PROCESSOR_IDENTIFIER=Intel64 Family 6 Model 165 Stepping 2, GenuineIntel



---------------  S Y S T E M  ---------------

OS:
 Windows 10 , 64 bit Build 19041 (10.0.19041.1806)
OS uptime: 2 days 0:30 hours
Hyper-V role detected

CPU: total 8 (initial active 8) (4 cores per cpu, 2 threads per core) family 6 model 165 stepping 2 microcode 0xe2, cx8, cmov, fxsr, ht, mmx, 3dnowpref, sse, sse2, sse3, ssse3, sse4.1, sse4.2, popcnt, lzcnt, tsc, tscinvbit, avx, avx2, aes, erms, clmul, bmi1, bmi2, adx, fma, vzeroupper, clflush, clflushopt, hv

Memory: 4k page, system-wide physical 16205M (600M free)
TotalPageFile size 26205M (AvailPageFile size 5M)
current process WorkingSet (physical memory assigned to process): 10M, peak: 10M
current process commit charge ("private bytes"): 318M, peak: 322M

vm_info: Java HotSpot(TM) 64-Bit Server VM (17.0.2+8-LTS-86) for windows-amd64 JRE (17.0.2+8-LTS-86), built on Dec  7 2021 21:51:03 by "mach5one" with MS VC++ 16.8 / 16.9 (VS2019)

END.
